<?xml version="1.0" encoding="UTF-8"?>
<!-- Generated by org.testng.reporters.JUnitXMLReporter -->
<testsuite hostname="Aams-MacBook-Pro-2.local" name="Command line test" tests="8" failures="0" timestamp="31 Aug 2016 20:04:51 GMT" time="48.974" errors="0">
  <testcase name="HomeTest" time="3.002" classname="spreeuitest.HomeTest"/>
  <testcase name="accountButtonVerification" time="2.254" classname="spreeuitest.LoginTest"/>
  <testcase name="Product1Test" time="1.676" classname="spreeuitest.ProductTest"/>
  <testcase name="ProductSelectionTest" time="0.171" classname="spreeuitest.ProductTest"/>
  <testcase name="accountButtonVerification" time="2.561" classname="spreeuitest.RegistrationTest"/>
  <testcase name="BrowserTest" time="3.121" classname="spreeuitest.SmokeTest"/>
  <testcase name="signInTest" time="2.634" classname="spreeuitest.SmokeTest"/>
  <testcase name="chqconnectiontest" time="2.921" classname="spreeapitest.SpreeApiTest"/>
</testsuite> <!-- Command line test -->
