<?xml version="1.0" encoding="UTF-8"?>
<testng-results skipped="0" failed="0" total="8" passed="8">
  <reporter-output>
    <line>
      <![CDATA[SignIn Action is successfully perfomred]]>
    </line>
    <line>
      <![CDATA[SignIn Action is successfully perfomred]]>
    </line>
    <line>
      <![CDATA[SignIn Action is successfully perfomred]]>
    </line>
    <line>
      <![CDATA[SignIn Action is successfully perfomred]]>
    </line>
    <line>
      <![CDATA[SignIn Action is successfully perfomred]]>
    </line>
  </reporter-output>
  <suite name="Surefire suite" duration-ms="61989" started-at="2016-10-13T19:32:52Z" finished-at="2016-10-13T19:33:54Z">
    <groups>
    </groups>
    <test name="Surefire test" duration-ms="61989" started-at="2016-10-13T19:32:52Z" finished-at="2016-10-13T19:33:54Z">
      <class name="spreeuitest.LoginTest">
        <test-method status="PASS" signature="beforeMethod()[pri:0, instance:spreeuitest.LoginTest@79b08632]" name="beforeMethod" is-config="true" duration-ms="4520" started-at="2016-10-13T15:33:11Z" finished-at="2016-10-13T15:33:16Z">
          <reporter-output>
          </reporter-output>
        </test-method> <!-- beforeMethod -->
        <test-method status="PASS" signature="accountButtonVerification()[pri:0, instance:spreeuitest.LoginTest@79b08632]" name="accountButtonVerification" duration-ms="2988" started-at="2016-10-13T15:33:16Z" finished-at="2016-10-13T15:33:19Z">
          <reporter-output>
            <line>
              <![CDATA[SignIn Action is successfully perfomred]]>
            </line>
          </reporter-output>
        </test-method> <!-- accountButtonVerification -->
        <test-method status="PASS" signature="afterMethod()[pri:0, instance:spreeuitest.LoginTest@79b08632]" name="afterMethod" is-config="true" duration-ms="6" started-at="2016-10-13T15:33:19Z" finished-at="2016-10-13T15:33:19Z">
          <reporter-output>
          </reporter-output>
        </test-method> <!-- afterMethod -->
      </class> <!-- spreeuitest.LoginTest -->
      <class name="spreeuitest.ElimentsTest">
        <test-method status="PASS" signature="allElements()[pri:0, instance:spreeuitest.ElimentsTest@59496961]" name="allElements" duration-ms="11440" started-at="2016-10-13T15:32:52Z" finished-at="2016-10-13T15:33:03Z">
          <reporter-output>
          </reporter-output>
        </test-method> <!-- allElements -->
      </class> <!-- spreeuitest.ElimentsTest -->
      <class name="spreeuitest.ProductTest">
        <test-method status="PASS" signature="beforeMethod()[pri:0, instance:spreeuitest.ProductTest@787f32b7]" name="beforeMethod" is-config="true" duration-ms="4572" started-at="2016-10-13T15:33:19Z" finished-at="2016-10-13T15:33:23Z">
          <reporter-output>
          </reporter-output>
        </test-method> <!-- beforeMethod -->
        <test-method status="PASS" signature="Product1Test()[pri:0, instance:spreeuitest.ProductTest@787f32b7]" name="Product1Test" duration-ms="1306" started-at="2016-10-13T15:33:23Z" finished-at="2016-10-13T15:33:24Z">
          <reporter-output>
          </reporter-output>
        </test-method> <!-- Product1Test -->
        <test-method status="PASS" signature="afterMethod()[pri:0, instance:spreeuitest.ProductTest@787f32b7]" name="afterMethod" is-config="true" duration-ms="5" started-at="2016-10-13T15:33:24Z" finished-at="2016-10-13T15:33:24Z">
          <reporter-output>
          </reporter-output>
        </test-method> <!-- afterMethod -->
        <test-method status="PASS" signature="beforeMethod()[pri:0, instance:spreeuitest.ProductTest@787f32b7]" name="beforeMethod" is-config="true" duration-ms="5520" started-at="2016-10-13T15:33:24Z" finished-at="2016-10-13T15:33:30Z">
          <reporter-output>
          </reporter-output>
        </test-method> <!-- beforeMethod -->
        <test-method status="PASS" signature="ProductSelectionTest()[pri:0, instance:spreeuitest.ProductTest@787f32b7]" name="ProductSelectionTest" duration-ms="72" started-at="2016-10-13T15:33:30Z" finished-at="2016-10-13T15:33:30Z">
          <reporter-output>
          </reporter-output>
        </test-method> <!-- ProductSelectionTest -->
        <test-method status="PASS" signature="afterMethod()[pri:0, instance:spreeuitest.ProductTest@787f32b7]" name="afterMethod" is-config="true" duration-ms="110" started-at="2016-10-13T15:33:30Z" finished-at="2016-10-13T15:33:30Z">
          <reporter-output>
          </reporter-output>
        </test-method> <!-- afterMethod -->
      </class> <!-- spreeuitest.ProductTest -->
      <class name="spreeuitest.RegistrationTest">
        <test-method status="PASS" signature="beforeMethod()[pri:0, instance:spreeuitest.RegistrationTest@6aef4eb8]" name="beforeMethod" is-config="true" duration-ms="4831" started-at="2016-10-13T15:33:30Z" finished-at="2016-10-13T15:33:35Z">
          <reporter-output>
          </reporter-output>
        </test-method> <!-- beforeMethod -->
        <test-method status="PASS" signature="accountButtonVerification()[pri:0, instance:spreeuitest.RegistrationTest@6aef4eb8]" name="accountButtonVerification" duration-ms="3012" started-at="2016-10-13T15:33:35Z" finished-at="2016-10-13T15:33:38Z">
          <reporter-output>
            <line>
              <![CDATA[SignIn Action is successfully perfomred]]>
            </line>
          </reporter-output>
        </test-method> <!-- accountButtonVerification -->
        <test-method status="PASS" signature="afterMethod()[pri:0, instance:spreeuitest.RegistrationTest@6aef4eb8]" name="afterMethod" is-config="true" duration-ms="4" started-at="2016-10-13T15:33:38Z" finished-at="2016-10-13T15:33:38Z">
          <reporter-output>
          </reporter-output>
        </test-method> <!-- afterMethod -->
      </class> <!-- spreeuitest.RegistrationTest -->
      <class name="spreeuitest.SmokeTest">
        <test-method status="PASS" signature="beforeMethod()[pri:0, instance:spreeuitest.SmokeTest@76c52298]" name="beforeMethod" is-config="true" duration-ms="4849" started-at="2016-10-13T15:33:38Z" finished-at="2016-10-13T15:33:43Z">
          <reporter-output>
          </reporter-output>
        </test-method> <!-- beforeMethod -->
        <test-method status="PASS" signature="BrowserTest()[pri:0, instance:spreeuitest.SmokeTest@76c52298]" name="BrowserTest" duration-ms="3119" started-at="2016-10-13T15:33:43Z" finished-at="2016-10-13T15:33:46Z">
          <reporter-output>
            <line>
              <![CDATA[SignIn Action is successfully perfomred]]>
            </line>
          </reporter-output>
        </test-method> <!-- BrowserTest -->
        <test-method status="PASS" signature="afterMethod()[pri:0, instance:spreeuitest.SmokeTest@76c52298]" name="afterMethod" is-config="true" duration-ms="5" started-at="2016-10-13T15:33:46Z" finished-at="2016-10-13T15:33:46Z">
          <reporter-output>
          </reporter-output>
        </test-method> <!-- afterMethod -->
        <test-method status="PASS" signature="beforeMethod()[pri:0, instance:spreeuitest.SmokeTest@76c52298]" name="beforeMethod" is-config="true" duration-ms="4860" started-at="2016-10-13T15:33:46Z" finished-at="2016-10-13T15:33:51Z">
          <reporter-output>
          </reporter-output>
        </test-method> <!-- beforeMethod -->
        <test-method status="PASS" signature="signInTest()[pri:0, instance:spreeuitest.SmokeTest@76c52298]" name="signInTest" duration-ms="2725" started-at="2016-10-13T15:33:51Z" finished-at="2016-10-13T15:33:54Z">
          <reporter-output>
            <line>
              <![CDATA[SignIn Action is successfully perfomred]]>
            </line>
          </reporter-output>
        </test-method> <!-- signInTest -->
        <test-method status="PASS" signature="afterMethod()[pri:0, instance:spreeuitest.SmokeTest@76c52298]" name="afterMethod" is-config="true" duration-ms="5" started-at="2016-10-13T15:33:54Z" finished-at="2016-10-13T15:33:54Z">
          <reporter-output>
          </reporter-output>
        </test-method> <!-- afterMethod -->
      </class> <!-- spreeuitest.SmokeTest -->
      <class name="spreeuitest.HomeTest">
        <test-method status="PASS" signature="beforeMethod()[pri:0, instance:spreeuitest.HomeTest@408b87aa]" name="beforeMethod" is-config="true" duration-ms="4966" started-at="2016-10-13T15:33:03Z" finished-at="2016-10-13T15:33:08Z">
          <reporter-output>
          </reporter-output>
        </test-method> <!-- beforeMethod -->
        <test-method status="PASS" signature="HomeTest()[pri:0, instance:spreeuitest.HomeTest@408b87aa]" name="HomeTest" duration-ms="2683" started-at="2016-10-13T15:33:08Z" finished-at="2016-10-13T15:33:11Z">
          <reporter-output>
            <line>
              <![CDATA[SignIn Action is successfully perfomred]]>
            </line>
          </reporter-output>
        </test-method> <!-- HomeTest -->
        <test-method status="PASS" signature="afterMethod()[pri:0, instance:spreeuitest.HomeTest@408b87aa]" name="afterMethod" is-config="true" duration-ms="5" started-at="2016-10-13T15:33:11Z" finished-at="2016-10-13T15:33:11Z">
          <reporter-output>
          </reporter-output>
        </test-method> <!-- afterMethod -->
      </class> <!-- spreeuitest.HomeTest -->
    </test> <!-- Surefire test -->
  </suite> <!-- Surefire suite -->
</testng-results>
